<?xml version="1.0" encoding="UTF-8"?>
<!-- Generated by org.testng.reporters.JUnitReportReporter -->
<testsuite hostname="LAPTOP-GQ2D66KP" failures="0" tests="3" name="swaglab.MyTestClass" time="11.325" errors="0" timestamp="2023-10-24T12:35:39 EET" skipped="0">
  <testcase classname="swaglab.MyTestClass" name="LoginWithPerformanceUser" time="4.718"/>
  <system-out/>
  <testcase classname="swaglab.MyTestClass" name="LoginWithStandardUSer" time="3.305"/>
  <system-out/>
  <testcase classname="swaglab.MyTestClass" name="LoginWithProblemUser" time="3.302"/>
  <system-out/>
</testsuite> <!-- swaglab.MyTestClass -->
